<?xml version="1.0" encoding="UTF-8"?>
<testsuite name="caclulator.ApplicationTest" tests="1" skipped="0" failures="0" errors="0" timestamp="2022-12-02T07:41:08" hostname="DESKTOP-HA8K62T" time="0.064">
  <properties/>
  <testcase name="main()" classname="caclulator.ApplicationTest" time="0.064"/>
  <system-out><![CDATA[]]></system-out>
  <system-err><![CDATA[]]></system-err>
</testsuite>
